<?xml version="1.0" encoding="UTF-8"?>
<robot generator="Robot 6.0 (Python 3.11.0 on darwin)" generated="20221103 10:30:49.097" rpa="false" schemaversion="3">
<suite id="s1" name="Chooseregion" source="/Users/akankshautkarsh/PycharmProjects/pythonProject/Tests/Abbott/Chooseregion.robot">
<test id="s1-t1" name="Login as France" line="13">
<kw name="Open Browser" library="SeleniumLibrary">
<arg>https://pat.libreview.io/.</arg>
<arg>chrome</arg>
<doc>Opens a new browser instance to the optional ``url``.</doc>
<msg timestamp="20221103 10:30:49.367" level="INFO">Opening browser 'chrome' to base url 'https://pat.libreview.io/.'.</msg>
<status status="PASS" starttime="20221103 10:30:49.367" endtime="20221103 10:30:58.720"/>
</kw>
<kw name="Maximize Browser Window" library="SeleniumLibrary">
<doc>Maximizes current browser window.</doc>
<status status="PASS" starttime="20221103 10:30:58.720" endtime="20221103 10:30:58.888"/>
</kw>
<kw name="Select country and language" library="Landingpage">
<arg>${SelectFR}</arg>
<arg>${SelectFrench}</arg>
<tag>Functional</tag>
<kw name="Get WebElement" library="SeleniumLibrary">
<var>${ele}</var>
<arg>${SelectCountry}</arg>
<doc>Returns the first WebElement matching the given ``locator``.</doc>
<msg timestamp="20221103 10:30:58.902" level="INFO">${ele} = &lt;selenium.webdriver.remote.webelement.WebElement (session="413a3bdfa4f89c228aa1b83c666dd01b", element="a44a0d1a-70db-46f1-98dc-57cb1a64d3d1")&gt;</msg>
<status status="PASS" starttime="20221103 10:30:58.889" endtime="20221103 10:30:58.902"/>
</kw>
<kw name="Execute Javascript" library="SeleniumLibrary">
<arg>arguments[0].click();</arg>
<arg>ARGUMENTS</arg>
<arg>${ele}</arg>
<doc>Executes the given JavaScript code with possible arguments.</doc>
<msg timestamp="20221103 10:30:58.904" level="INFO">Executing JavaScript:
arguments[0].click();
By using argument:
'&lt;selenium.webdriver.remote.webelement.WebElement (session="413a3bdfa4f89c228aa1b83c666dd01b", element="a44a0d1a-70db-46f1-98dc-57cb1a64d3d1")&gt;'</msg>
<status status="PASS" starttime="20221103 10:30:58.903" endtime="20221103 10:30:58.923"/>
</kw>
<kw name="Sleep" library="BuiltIn">
<arg>1s</arg>
<doc>Pauses the test executed for the given time.</doc>
<msg timestamp="20221103 10:30:59.926" level="INFO">Slept 1 second</msg>
<status status="PASS" starttime="20221103 10:30:58.924" endtime="20221103 10:30:59.926"/>
</kw>
<kw name="Get WebElement" library="SeleniumLibrary">
<var>${ele1}</var>
<arg>${Selectlanguage}</arg>
<doc>Returns the first WebElement matching the given ``locator``.</doc>
<msg timestamp="20221103 10:30:59.948" level="INFO">${ele1} = &lt;selenium.webdriver.remote.webelement.WebElement (session="413a3bdfa4f89c228aa1b83c666dd01b", element="32fc42e3-5274-4e10-8e6c-a8f9797d048c")&gt;</msg>
<status status="PASS" starttime="20221103 10:30:59.927" endtime="20221103 10:30:59.948"/>
</kw>
<kw name="Execute Javascript" library="SeleniumLibrary">
<arg>arguments[0].click();</arg>
<arg>ARGUMENTS</arg>
<arg>${ele1}</arg>
<doc>Executes the given JavaScript code with possible arguments.</doc>
<msg timestamp="20221103 10:30:59.950" level="INFO">Executing JavaScript:
arguments[0].click();
By using argument:
'&lt;selenium.webdriver.remote.webelement.WebElement (session="413a3bdfa4f89c228aa1b83c666dd01b", element="32fc42e3-5274-4e10-8e6c-a8f9797d048c")&gt;'</msg>
<status status="PASS" starttime="20221103 10:30:59.948" endtime="20221103 10:30:59.966"/>
</kw>
<status status="PASS" starttime="20221103 10:30:58.888" endtime="20221103 10:30:59.967"/>
</kw>
<kw name="Capture Page Screenshot" library="SeleniumLibrary">
<doc>Takes a screenshot of the current page and embeds it into a log file.</doc>
<msg timestamp="20221103 10:31:00.375" level="INFO" html="true">&lt;/td&gt;&lt;/tr&gt;&lt;tr&gt;&lt;td colspan="3"&gt;&lt;a href="selenium-screenshot-19.png"&gt;&lt;img src="selenium-screenshot-19.png" width="800px"&gt;&lt;/a&gt;</msg>
<status status="PASS" starttime="20221103 10:30:59.967" endtime="20221103 10:31:00.375"/>
</kw>
<kw name="Click Element" library="SeleniumLibrary">
<arg>${Submit}</arg>
<doc>Click the element identified by ``locator``.</doc>
<msg timestamp="20221103 10:31:00.376" level="INFO">Clicking element 'xpath=//*[@id="modalSubmit"]'.</msg>
<status status="PASS" starttime="20221103 10:31:00.375" endtime="20221103 10:31:01.158"/>
</kw>
<kw name="Accept Cookies">
<kw name="Run Keyword And Return Status" library="BuiltIn">
<var>${present}</var>
<arg>Element Should Be Visible</arg>
<arg>//*[@id="truste-consent-button"]</arg>
<doc>Runs the given keyword with given arguments and returns the status as a Boolean value.</doc>
<kw name="Element Should Be Visible" library="SeleniumLibrary">
<arg>//*[@id="truste-consent-button"]</arg>
<doc>Verifies that the element identified by ``locator`` is visible.</doc>
<msg timestamp="20221103 10:31:01.182" level="INFO">Element '//*[@id="truste-consent-button"]' is displayed.</msg>
<status status="PASS" starttime="20221103 10:31:01.159" endtime="20221103 10:31:01.182"/>
</kw>
<msg timestamp="20221103 10:31:01.182" level="INFO">${present} = True</msg>
<status status="PASS" starttime="20221103 10:31:01.159" endtime="20221103 10:31:01.182"/>
</kw>
<kw name="Run Keyword If" library="BuiltIn">
<arg>${present}</arg>
<arg>Click Element</arg>
<arg>//*[@id="truste-consent-button"]</arg>
<doc>Runs the given keyword with the given arguments, if ``condition`` is true.</doc>
<kw name="Click Element" library="SeleniumLibrary">
<arg>//*[@id="truste-consent-button"]</arg>
<doc>Click the element identified by ``locator``.</doc>
<msg timestamp="20221103 10:31:01.183" level="INFO">Clicking element '//*[@id="truste-consent-button"]'.</msg>
<status status="PASS" starttime="20221103 10:31:01.183" endtime="20221103 10:31:01.225"/>
</kw>
<status status="PASS" starttime="20221103 10:31:01.182" endtime="20221103 10:31:01.225"/>
</kw>
<status status="PASS" starttime="20221103 10:31:01.159" endtime="20221103 10:31:01.225"/>
</kw>
<kw name="Sleep" library="BuiltIn">
<arg>1s</arg>
<doc>Pauses the test executed for the given time.</doc>
<msg timestamp="20221103 10:31:02.226" level="INFO">Slept 1 second</msg>
<status status="PASS" starttime="20221103 10:31:01.225" endtime="20221103 10:31:02.226"/>
</kw>
<kw name="Page Should Not Contain Element" library="SeleniumLibrary">
<arg>${PatientHeader}</arg>
<doc>Verifies that element ``locator`` is not found on the current page.</doc>
<msg timestamp="20221103 10:31:02.246" level="INFO">Current page does not contain element 'xpath=//*[@id="patHeaderLink"]'.</msg>
<status status="PASS" starttime="20221103 10:31:02.227" endtime="20221103 10:31:02.246"/>
</kw>
<kw name="Page Should Not Contain Element" library="SeleniumLibrary">
<arg>${ProfessionalHeader}</arg>
<doc>Verifies that element ``locator`` is not found on the current page.</doc>
<msg timestamp="20221103 10:31:02.256" level="INFO">Current page does not contain element 'xpath=//*[@id="patHeaderLink"]'.</msg>
<status status="PASS" starttime="20221103 10:31:02.246" endtime="20221103 10:31:02.256"/>
</kw>
<kw name="Close Browser" library="SeleniumLibrary">
<doc>Closes the current browser.</doc>
<status status="PASS" starttime="20221103 10:31:02.256" endtime="20221103 10:31:02.350"/>
</kw>
<doc>Select Region</doc>
<tag>Functional Test</tag>
<status status="PASS" starttime="20221103 10:30:49.366" endtime="20221103 10:31:02.350"/>
</test>
<test id="s1-t2" name="Login as US" line="28">
<kw name="Open Browser" library="SeleniumLibrary">
<arg>https://pat.libreview.io/.</arg>
<arg>chrome</arg>
<doc>Opens a new browser instance to the optional ``url``.</doc>
<msg timestamp="20221103 10:31:02.352" level="INFO">Opening browser 'chrome' to base url 'https://pat.libreview.io/.'.</msg>
<status status="PASS" starttime="20221103 10:31:02.351" endtime="20221103 10:31:09.608"/>
</kw>
<kw name="Maximize Browser Window" library="SeleniumLibrary">
<doc>Maximizes current browser window.</doc>
<status status="PASS" starttime="20221103 10:31:09.608" endtime="20221103 10:31:09.773"/>
</kw>
<kw name="Select country and language" library="Landingpage">
<arg>${SelectUS}</arg>
<arg>${SelectEnglish}</arg>
<tag>Functional</tag>
<kw name="Get WebElement" library="SeleniumLibrary">
<var>${ele}</var>
<arg>${SelectCountry}</arg>
<doc>Returns the first WebElement matching the given ``locator``.</doc>
<msg timestamp="20221103 10:31:09.786" level="INFO">${ele} = &lt;selenium.webdriver.remote.webelement.WebElement (session="526c048fd300643a06ffaa7303073e60", element="466e81fb-9b8e-4142-a4da-5678d0ec3d47")&gt;</msg>
<status status="PASS" starttime="20221103 10:31:09.773" endtime="20221103 10:31:09.786"/>
</kw>
<kw name="Execute Javascript" library="SeleniumLibrary">
<arg>arguments[0].click();</arg>
<arg>ARGUMENTS</arg>
<arg>${ele}</arg>
<doc>Executes the given JavaScript code with possible arguments.</doc>
<msg timestamp="20221103 10:31:09.787" level="INFO">Executing JavaScript:
arguments[0].click();
By using argument:
'&lt;selenium.webdriver.remote.webelement.WebElement (session="526c048fd300643a06ffaa7303073e60", element="466e81fb-9b8e-4142-a4da-5678d0ec3d47")&gt;'</msg>
<status status="PASS" starttime="20221103 10:31:09.786" endtime="20221103 10:31:09.807"/>
</kw>
<kw name="Sleep" library="BuiltIn">
<arg>1s</arg>
<doc>Pauses the test executed for the given time.</doc>
<msg timestamp="20221103 10:31:10.810" level="INFO">Slept 1 second</msg>
<status status="PASS" starttime="20221103 10:31:09.807" endtime="20221103 10:31:10.810"/>
</kw>
<kw name="Get WebElement" library="SeleniumLibrary">
<var>${ele1}</var>
<arg>${Selectlanguage}</arg>
<doc>Returns the first WebElement matching the given ``locator``.</doc>
<msg timestamp="20221103 10:31:10.829" level="INFO">${ele1} = &lt;selenium.webdriver.remote.webelement.WebElement (session="526c048fd300643a06ffaa7303073e60", element="17fb8353-c1f7-4473-9359-e9b7d4459ad5")&gt;</msg>
<status status="PASS" starttime="20221103 10:31:10.810" endtime="20221103 10:31:10.829"/>
</kw>
<kw name="Execute Javascript" library="SeleniumLibrary">
<arg>arguments[0].click();</arg>
<arg>ARGUMENTS</arg>
<arg>${ele1}</arg>
<doc>Executes the given JavaScript code with possible arguments.</doc>
<msg timestamp="20221103 10:31:10.831" level="INFO">Executing JavaScript:
arguments[0].click();
By using argument:
'&lt;selenium.webdriver.remote.webelement.WebElement (session="526c048fd300643a06ffaa7303073e60", element="17fb8353-c1f7-4473-9359-e9b7d4459ad5")&gt;'</msg>
<status status="PASS" starttime="20221103 10:31:10.829" endtime="20221103 10:31:10.846"/>
</kw>
<status status="PASS" starttime="20221103 10:31:09.773" endtime="20221103 10:31:10.846"/>
</kw>
<kw name="Capture Page Screenshot" library="SeleniumLibrary">
<doc>Takes a screenshot of the current page and embeds it into a log file.</doc>
<msg timestamp="20221103 10:31:11.222" level="INFO" html="true">&lt;/td&gt;&lt;/tr&gt;&lt;tr&gt;&lt;td colspan="3"&gt;&lt;a href="selenium-screenshot-20.png"&gt;&lt;img src="selenium-screenshot-20.png" width="800px"&gt;&lt;/a&gt;</msg>
<status status="PASS" starttime="20221103 10:31:10.846" endtime="20221103 10:31:11.222"/>
</kw>
<kw name="Click Element" library="SeleniumLibrary">
<arg>${Submit}</arg>
<doc>Click the element identified by ``locator``.</doc>
<msg timestamp="20221103 10:31:11.222" level="INFO">Clicking element 'xpath=//*[@id="modalSubmit"]'.</msg>
<status status="PASS" starttime="20221103 10:31:11.222" endtime="20221103 10:31:11.597"/>
</kw>
<kw name="Accept Cookies">
<kw name="Run Keyword And Return Status" library="BuiltIn">
<var>${present}</var>
<arg>Element Should Be Visible</arg>
<arg>//*[@id="truste-consent-button"]</arg>
<doc>Runs the given keyword with given arguments and returns the status as a Boolean value.</doc>
<kw name="Element Should Be Visible" library="SeleniumLibrary">
<arg>//*[@id="truste-consent-button"]</arg>
<doc>Verifies that the element identified by ``locator`` is visible.</doc>
<msg timestamp="20221103 10:31:11.618" level="INFO">Element '//*[@id="truste-consent-button"]' is displayed.</msg>
<status status="PASS" starttime="20221103 10:31:11.598" endtime="20221103 10:31:11.618"/>
</kw>
<msg timestamp="20221103 10:31:11.618" level="INFO">${present} = True</msg>
<status status="PASS" starttime="20221103 10:31:11.598" endtime="20221103 10:31:11.618"/>
</kw>
<kw name="Run Keyword If" library="BuiltIn">
<arg>${present}</arg>
<arg>Click Element</arg>
<arg>//*[@id="truste-consent-button"]</arg>
<doc>Runs the given keyword with the given arguments, if ``condition`` is true.</doc>
<kw name="Click Element" library="SeleniumLibrary">
<arg>//*[@id="truste-consent-button"]</arg>
<doc>Click the element identified by ``locator``.</doc>
<msg timestamp="20221103 10:31:11.619" level="INFO">Clicking element '//*[@id="truste-consent-button"]'.</msg>
<status status="PASS" starttime="20221103 10:31:11.619" endtime="20221103 10:31:11.658"/>
</kw>
<status status="PASS" starttime="20221103 10:31:11.618" endtime="20221103 10:31:11.658"/>
</kw>
<status status="PASS" starttime="20221103 10:31:11.598" endtime="20221103 10:31:11.658"/>
</kw>
<kw name="Sleep" library="BuiltIn">
<arg>1s</arg>
<doc>Pauses the test executed for the given time.</doc>
<msg timestamp="20221103 10:31:12.659" level="INFO">Slept 1 second</msg>
<status status="PASS" starttime="20221103 10:31:11.658" endtime="20221103 10:31:12.659"/>
</kw>
<kw name="Page Should Contain Element" library="SeleniumLibrary">
<arg>${PatientHeader}</arg>
<doc>Verifies that element ``locator`` is found on the current page.</doc>
<msg timestamp="20221103 10:31:12.677" level="INFO">Current page contains element 'xpath=//*[@id="patHeaderLink"]'.</msg>
<status status="PASS" starttime="20221103 10:31:12.659" endtime="20221103 10:31:12.677"/>
</kw>
<kw name="Page Should Contain Element" library="SeleniumLibrary">
<arg>${ProfessionalHeader}</arg>
<doc>Verifies that element ``locator`` is found on the current page.</doc>
<msg timestamp="20221103 10:31:12.685" level="INFO">Current page contains element 'xpath=//*[@id="patHeaderLink"]'.</msg>
<status status="PASS" starttime="20221103 10:31:12.677" endtime="20221103 10:31:12.685"/>
</kw>
<kw name="Close Browser" library="SeleniumLibrary">
<doc>Closes the current browser.</doc>
<status status="PASS" starttime="20221103 10:31:12.685" endtime="20221103 10:31:12.771"/>
</kw>
<doc>Select Region</doc>
<tag>Functional Test</tag>
<status status="PASS" starttime="20221103 10:31:02.351" endtime="20221103 10:31:12.772"/>
</test>
<status status="PASS" starttime="20221103 10:30:49.099" endtime="20221103 10:31:12.772"/>
</suite>
<statistics>
<total>
<stat pass="2" fail="0" skip="0">All Tests</stat>
</total>
<tag>
<stat pass="2" fail="0" skip="0">Functional Test</stat>
</tag>
<suite>
<stat pass="2" fail="0" skip="0" id="s1" name="Chooseregion">Chooseregion</stat>
</suite>
</statistics>
<errors>
</errors>
</robot>
